<?xml version="1.0" encoding="UTF-8"?>
<!-- Generated by org.testng.reporters.JUnitReportReporter -->
<testsuite hostname="Sanatan" failures="0" tests="1" name="com.tutorialsninja.qa.testcases.Register" time="10.250" errors="0" timestamp="2024-07-20T14:39:22 IST" skipped="0">
  <testcase classname="com.tutorialsninja.qa.testcases.Register" name="verifyRegisteringAnAccountWithMandatoryFields" time="10.250"/>
</testsuite> <!-- com.tutorialsninja.qa.testcases.Register -->
