<?xml version="1.0" encoding="UTF-8"?>
<!-- Generated by org.testng.reporters.JUnitReportReporter -->
<testsuite hostname="Sanatan" failures="0" tests="2" name="com.tutorialsninja.qa.testcases.Login" time="35.135" errors="0" timestamp="2024-06-09T17:00:08 IST" skipped="0">
  <testcase classname="com.tutorialsninja.qa.testcases.Login" name="verifyLoginWithValidCredentials" time="27.417"/>
  <testcase classname="com.tutorialsninja.qa.testcases.Login" name="verifyLoginWithInValidCredentials" time="7.718"/>
</testsuite> <!-- com.tutorialsninja.qa.testcases.Login -->
